[2025-01-25T07:49:59.518Z] POST /api/addemployee
[2025-01-25T07:51:15.103Z] POST /api/addemployee
[2025-01-25T07:53:20.574Z] GET /api/employees
[2025-01-25T09:00:47.278Z] GET /api/employees
[2025-01-25T09:04:33.642Z] GET /api/employees
[2025-01-25T09:15:34.738Z] GET /api/employees
[2025-01-25T09:17:14.714Z] GET /api/employees
[2025-01-25T09:19:03.028Z] POST /api/employees
[2025-01-25T09:21:42.328Z] POST /api/employees
[2025-01-25T09:22:21.095Z] POST /api/employees
[2025-01-25T09:23:46.649Z] POST /api/employees
[2025-01-25T09:29:05.459Z] POST /login
[2025-01-25T09:31:05.617Z] POST /login
[2025-01-25T09:32:13.315Z] POST /login
[2025-01-25T09:33:30.175Z] POST /api/login
[2025-01-25T09:34:42.549Z] POST /api/login
[2025-01-25T09:35:20.715Z] POST /api/login
[2025-01-25T09:36:29.817Z] POST /api/login
[2025-01-25T09:41:06.920Z] POST /api/login
[2025-01-25T09:41:12.374Z] POST /api/login
[2025-01-25T09:41:55.756Z] POST /api/login
[2025-01-25T09:42:06.416Z] POST /api/login
[2025-01-25T09:43:04.902Z] POST /api/login
[2025-01-25T09:44:41.419Z] POST /api/login
[2025-01-25T09:44:45.596Z] POST /api/login
[2025-01-25T09:48:28.977Z] POST /api/login
[2025-01-25T09:48:34.342Z] POST /api/login
[2025-01-25T09:50:30.937Z] POST /api/login
[2025-01-25T09:51:18.831Z] POST /api/login
[2025-01-25T09:53:00.011Z] POST /api/login
[2025-01-25T09:53:08.975Z] POST /api/login
[2025-01-25T09:53:40.709Z] POST /api/login
[2025-01-25T09:54:28.458Z] POST /api/login
[2025-01-25T09:57:04.616Z] POST /api/login
[2025-01-25T10:00:32.800Z] POST /api/login
[2025-01-25T10:00:46.631Z] POST /api/login
[2025-01-25T10:00:48.872Z] POST /api/login
[2025-01-25T10:02:29.149Z] POST /api/login
[2025-01-25T10:03:18.596Z] POST /api/login
[2025-01-25T10:03:22.816Z] POST /api/login
[2025-01-25T10:06:03.025Z] POST /api/login
[2025-01-25T10:06:36.055Z] POST /api/login
[2025-01-25T10:06:41.973Z] POST /api/login
[2025-01-25T10:06:45.981Z] POST /api/login
[2025-01-25T10:18:36.167Z] POST /api/login
[2025-01-25T10:19:13.758Z] POST /api/login
[2025-01-25T10:27:18.277Z] POST /api/login
[2025-01-25T10:27:34.352Z] POST /api/login
[2025-01-25T10:28:30.108Z] POST /api/login
[2025-01-25T10:28:33.168Z] POST /api/login
[2025-01-25T10:29:20.473Z] POST /api/login
[2025-01-25T10:30:30.518Z] POST /api/login
[2025-01-25T10:31:04.832Z] POST /api/login
[2025-01-25T10:31:11.049Z] POST /api/login
[2025-01-25T10:32:31.141Z] POST /api/login
[2025-01-25T11:03:29.396Z] POST /api/login
[2025-01-25T11:03:35.727Z] POST /api/login
[2025-01-25T11:05:29.576Z] POST /api/login
[2025-01-25T11:08:32.342Z] POST /api/login
[2025-01-25T11:09:27.411Z] POST /api/login
[2025-01-25T11:23:32.233Z] POST /api/login
[2025-01-25T11:23:35.953Z] POST /api/login
[2025-01-25T11:24:52.284Z] POST /api/login
[2025-01-25T11:24:59.599Z] POST /api/login
[2025-01-25T11:27:02.706Z] POST /api/login
[2025-01-25T11:46:33.898Z] POST /api/login
[2025-01-25T11:46:43.985Z] POST /api/login
[2025-01-25T11:47:58.077Z] POST /api/login
[2025-01-25T11:52:43.190Z] POST /api/login
[2025-01-25T11:57:00.200Z] POST /api/login
[2025-01-25T11:57:58.455Z] POST /api/login
[2025-01-25T12:22:24.363Z] POST /api/login
[2025-01-25T12:28:46.557Z] POST /api/login
[2025-01-25T12:29:00.530Z] POST /api/login
[2025-01-26T05:08:50.254Z] POST /api/login
[2025-01-26T05:09:21.552Z] POST /api/login
[2025-01-26T05:10:09.096Z] POST /api/login
[2025-01-26T05:10:50.001Z] POST /api/login
[2025-01-26T05:18:23.019Z] POST /api/login
[2025-01-26T05:48:43.965Z] POST /api/register
[2025-01-26T05:49:01.022Z] POST /api/register
[2025-01-26T05:50:22.939Z] POST /api/register
[2025-01-26T05:51:56.160Z] POST /api/register
[2025-01-26T05:58:06.622Z] POST /api/register
[2025-01-26T06:03:09.138Z] POST /api/register
[2025-01-26T06:03:41.997Z] POST /api/register
[2025-01-26T06:04:00.991Z] POST /api/login
[2025-01-26T06:04:11.442Z] POST /api/login
[2025-01-26T06:04:51.119Z] POST /api/register
[2025-01-26T06:05:04.496Z] POST /api/login
[2025-02-09T07:12:16.975Z] POST /api/login
[2025-02-09T07:12:41.985Z] POST /api/register
[2025-02-09T07:12:43.933Z] POST /api/register
[2025-02-09T07:12:44.671Z] POST /api/register
[2025-02-09T07:12:44.845Z] POST /api/register
[2025-02-09T07:12:45.060Z] POST /api/register
[2025-02-09T07:12:58.990Z] POST /api/register
[2025-02-09T07:13:15.648Z] POST /api/register
[2025-02-09T07:13:34.956Z] POST /api/login
[2025-02-09T07:15:23.611Z] POST /api/login
[2025-02-09T07:16:31.595Z] POST /api/login
[2025-02-09T07:18:40.007Z] POST /api/login
[2025-02-09T07:19:43.673Z] POST /api/login
[2025-02-09T07:19:58.326Z] POST /api/login
[2025-02-09T07:21:34.475Z] POST /api/login
[2025-02-09T07:22:41.025Z] POST /api/login
[2025-02-09T07:22:44.214Z] POST /api/login
[2025-02-09T07:22:47.599Z] POST /api/login
[2025-02-09T07:22:55.592Z] POST /api/login
[2025-02-09T07:29:02.976Z] POST /api/login
[2025-02-09T07:29:05.879Z] POST /api/login
[2025-02-09T07:29:11.149Z] POST /api/login
[2025-02-09T07:30:02.662Z] POST /api/login
[2025-02-09T07:30:06.465Z] POST /api/login
[2025-02-09T07:37:17.413Z] POST /api/login
[2025-02-09T07:51:59.808Z] POST /api/login
[2025-02-09T07:54:40.363Z] POST /api/login
[2025-02-09T07:55:00.011Z] POST /api/login
[2025-02-09T08:03:02.928Z] POST /api/login
[2025-02-09T08:03:05.782Z] POST /api/login
[2025-02-09T08:03:25.485Z] POST /api/login
[2025-02-09T08:04:22.077Z] POST /api/login
[2025-02-09T08:04:25.272Z] POST /api/login
[2025-02-09T08:04:32.135Z] POST /api/login
[2025-02-09T08:05:53.758Z] POST /api/login
[2025-02-09T08:08:48.020Z] POST /api/login
[2025-02-09T08:10:44.313Z] POST /api/login
[2025-02-09T08:17:23.460Z] POST /api/login
[2025-02-09T08:17:41.168Z] POST /api/login
[2025-02-09T08:20:30.340Z] POST /api/login
[2025-02-09T08:22:33.074Z] POST /api/login
[2025-02-09T08:25:04.195Z] POST /api/login
[2025-02-09T08:30:47.505Z] GET /api/login
[2025-02-09T08:30:47.561Z] GET /favicon.ico
